[2013-09-15 22:50:04] phpDocumentor.INFO: Collecting files ..  [] []
[2013-09-15 22:50:04] phpDocumentor.INFO: OK [] []
[2013-09-15 22:50:04] phpDocumentor.INFO: Initializing parser ..  [] []
[2013-09-15 22:50:04] phpDocumentor.INFO: OK [] []
[2013-09-15 22:50:04] phpDocumentor.INFO: Parsing files [] []
[2013-09-15 22:50:04] phpDocumentor.INFO: Parsing /home/pawel/Projects/SSMQ/playground/test.php [] []
[2013-09-15 22:50:04] phpDocumentor.INFO: Parsing /home/pawel/Projects/SSMQ/src/Queue.php [] []
[2013-09-15 22:50:04] phpDocumentor.INFO: Parsing /home/pawel/Projects/SSMQ/SSMQ.php [] []
[2013-09-15 22:50:04] phpDocumentor.INFO: Storing cache in "/home/pawel/Projects/SSMQ/docs" ..  [] []
[2013-09-15 22:50:04] phpDocumentor.INFO: OK [] []
[2013-09-15 22:50:04] phpDocumentor.INFO: Load cache                                                           ..  [] []
[2013-09-15 22:50:04] phpDocumentor.INFO:    0.002s [] []
[2013-09-15 22:50:04] phpDocumentor.INFO: Preparing template "clean"                                           ..  [] []
[2013-09-15 22:50:04] phpDocumentor.INFO:    0.017s [] []
[2013-09-15 22:50:04] phpDocumentor.INFO: Preparing 15 transformations                                         ..  [] []
[2013-09-15 22:50:04] phpDocumentor.INFO:    0.000s [] []
[2013-09-15 22:50:04] phpDocumentor.INFO: Build "elements" index                                               ..  [] []
[2013-09-15 22:50:04] phpDocumentor.INFO:    0.000s [] []
[2013-09-15 22:50:04] phpDocumentor.INFO: Replace textual FQCNs with object aliases                            ..  [] []
[2013-09-15 22:50:04] phpDocumentor.INFO:    0.002s [] []
[2013-09-15 22:50:04] phpDocumentor.INFO: Build "packages" index                                               ..  [] []
[2013-09-15 22:50:04] phpDocumentor.INFO:    0.001s [] []
[2013-09-15 22:50:04] phpDocumentor.INFO: Build "namespaces" index and add namespaces to "elements"            ..  [] []
[2013-09-15 22:50:04] phpDocumentor.INFO:    0.000s [] []
[2013-09-15 22:50:04] phpDocumentor.INFO: Transform analyzed project into artifacts                            ..  [] []
[2013-09-15 22:50:04] phpDocumentor.INFO:    0.477s [] []
[2013-09-15 22:50:04] phpDocumentor.INFO: Analyze results and write report to log                              ..  [] []
[2013-09-15 22:50:04] phpDocumentor.DEBUG: In the ProjectDescriptor are:
         3 files
         1 top-level namespaces
         3 unresolvable parent classes
         4 phpDocumentor\Descriptor\ClassDescriptor elements
        13 phpDocumentor\Descriptor\PropertyDescriptor elements
        11 phpDocumentor\Descriptor\MethodDescriptor elements
         2 phpDocumentor\Descriptor\NamespaceDescriptor elements
 [] []
[2013-09-15 22:50:04] phpDocumentor.INFO:    0.001s [] []
