[2013-09-15 22:46:10] phpDocumentor.INFO: Collecting files ..  [] []
[2013-09-15 22:46:11] phpDocumentor.INFO: OK [] []
[2013-09-15 22:46:11] phpDocumentor.INFO: Initializing parser ..  [] []
[2013-09-15 22:46:11] phpDocumentor.INFO: OK [] []
[2013-09-15 22:46:11] phpDocumentor.INFO: Parsing files [] []
[2013-09-15 22:46:11] phpDocumentor.INFO: Parsing /home/pawel/Projects/SSMQ/playground/test.php [] []
[2013-09-15 22:46:11] phpDocumentor.INFO:   No summary was found for this file [] []
[2013-09-15 22:46:11] phpDocumentor.INFO: Parsing /home/pawel/Projects/SSMQ/src/Queue.php [] []
[2013-09-15 22:46:11] phpDocumentor.INFO:   No summary was found for this file [] []
[2013-09-15 22:46:11] phpDocumentor.INFO:   No summary for class \SSMQ\Message [] []
[2013-09-15 22:46:11] phpDocumentor.INFO:   No summary for property $message [] []
[2013-09-15 22:46:11] phpDocumentor.INFO:   No summary for property $attributes [] []
[2013-09-15 22:46:11] phpDocumentor.INFO:   No summary for property $recipient [] []
[2013-09-15 22:46:11] phpDocumentor.INFO:   No summary for class \SSMQ\Base [] []
[2013-09-15 22:46:11] phpDocumentor.INFO:   No summary for property $sQueueName [] []
[2013-09-15 22:46:11] phpDocumentor.INFO:   No summary for method __construct() [] []
[2013-09-15 22:46:11] phpDocumentor.INFO:   No summary for class \SSMQ\MySqlQueue [] []
[2013-09-15 22:46:11] phpDocumentor.INFO:   No summary for property $dbHost [] []
[2013-09-15 22:46:11] phpDocumentor.INFO:   No summary for property $dbLogin [] []
[2013-09-15 22:46:11] phpDocumentor.INFO:   No summary for property $dbPassword [] []
[2013-09-15 22:46:11] phpDocumentor.INFO:   No summary for property $dbName [] []
[2013-09-15 22:46:11] phpDocumentor.INFO:   No summary for property $dbConnection [] []
[2013-09-15 22:46:11] phpDocumentor.INFO:   No summary for property $queueId [] []
[2013-09-15 22:46:11] phpDocumentor.INFO:   No summary for method __construct() [] []
[2013-09-15 22:46:11] phpDocumentor.INFO: Parsing /home/pawel/Projects/SSMQ/SSMQ.php [] []
[2013-09-15 22:46:11] phpDocumentor.INFO:   No summary was found for this file [] []
[2013-09-15 22:46:11] phpDocumentor.INFO:   No summary for property $sQueueType [] []
[2013-09-15 22:46:11] phpDocumentor.INFO:   No summary for property $aQueues [] []
[2013-09-15 22:46:11] phpDocumentor.INFO:   No summary for property $instance [] []
[2013-09-15 22:46:11] phpDocumentor.INFO:   No summary for method getInstance() [] []
[2013-09-15 22:46:11] phpDocumentor.INFO: Storing cache in "/home/pawel/Projects/SSMQ/docs" ..  [] []
[2013-09-15 22:46:11] phpDocumentor.INFO: OK [] []
[2013-09-15 22:46:11] phpDocumentor.INFO: Load cache                                                           ..  [] []
[2013-09-15 22:46:11] phpDocumentor.INFO:    0.001s [] []
[2013-09-15 22:46:11] phpDocumentor.INFO: Preparing template "clean"                                           ..  [] []
[2013-09-15 22:46:11] phpDocumentor.INFO:    0.020s [] []
[2013-09-15 22:46:11] phpDocumentor.INFO: Preparing 15 transformations                                         ..  [] []
[2013-09-15 22:46:11] phpDocumentor.INFO:    0.000s [] []
[2013-09-15 22:46:11] phpDocumentor.INFO: Build "elements" index                                               ..  [] []
[2013-09-15 22:46:11] phpDocumentor.INFO:    0.000s [] []
[2013-09-15 22:46:11] phpDocumentor.INFO: Replace textual FQCNs with object aliases                            ..  [] []
[2013-09-15 22:46:11] phpDocumentor.INFO:    0.002s [] []
[2013-09-15 22:46:11] phpDocumentor.INFO: Build "packages" index                                               ..  [] []
[2013-09-15 22:46:11] phpDocumentor.INFO:    0.000s [] []
[2013-09-15 22:46:11] phpDocumentor.INFO: Build "namespaces" index and add namespaces to "elements"            ..  [] []
[2013-09-15 22:46:11] phpDocumentor.INFO:    0.000s [] []
[2013-09-15 22:46:11] phpDocumentor.INFO: Transform analyzed project into artifacts                            ..  [] []
